{"/Users/prathameshsai/Documents/sweng/GitHub-Access/visualization/server/server.js": {"path":"/Users/prathameshsai/Documents/sweng/GitHub-Access/visualization/server/server.js","statementMap":{"0":{"start":{"line":2,"column":14},"end":{"line":2,"column":38}},"1":{"start":{"line":3,"column":14},"end":{"line":3,"column":32}},"2":{"start":{"line":4,"column":18},"end":{"line":4,"column":41}},"3":{"start":{"line":5,"column":14},"end":{"line":5,"column":53}},"4":{"start":{"line":6,"column":11},"end":{"line":6,"column":26}},"5":{"start":{"line":7,"column":10},"end":{"line":7,"column":19}},"6":{"start":{"line":8,"column":13},"end":{"line":8,"column":30}},"7":{"start":{"line":9,"column":0},"end":{"line":9,"column":35}},"8":{"start":{"line":10,"column":24},"end":{"line":10,"column":42}},"9":{"start":{"line":11,"column":12},"end":{"line":11,"column":168}},"10":{"start":{"line":12,"column":15},"end":{"line":12,"column":35}},"11":{"start":{"line":13,"column":0},"end":{"line":13,"column":39}},"12":{"start":{"line":14,"column":0},"end":{"line":14,"column":44}},"13":{"start":{"line":15,"column":0},"end":{"line":15,"column":19}},"14":{"start":{"line":16,"column":0},"end":{"line":16,"column":42}},"15":{"start":{"line":17,"column":0},"end":{"line":19,"column":3}},"16":{"start":{"line":18,"column":2},"end":{"line":18,"column":49}},"17":{"start":{"line":20,"column":0},"end":{"line":22,"column":3}},"18":{"start":{"line":21,"column":2},"end":{"line":21,"column":50}},"19":{"start":{"line":23,"column":0},"end":{"line":23,"column":16}},"20":{"start":{"line":24,"column":11},"end":{"line":24,"column":39}},"21":{"start":{"line":25,"column":0},"end":{"line":25,"column":34}}},"fnMap":{"0":{"name":"(anonymous_0)","decl":{"start":{"line":17,"column":13},"end":{"line":17,"column":14}},"loc":{"start":{"line":17,"column":27},"end":{"line":19,"column":1}},"line":17},"1":{"name":"(anonymous_1)","decl":{"start":{"line":20,"column":26},"end":{"line":20,"column":27}},"loc":{"start":{"line":20,"column":40},"end":{"line":22,"column":1}},"line":20}},"branchMap":{"0":{"loc":{"start":{"line":24,"column":11},"end":{"line":24,"column":39}},"type":"binary-expr","locations":[{"start":{"line":24,"column":11},"end":{"line":24,"column":31}},{"start":{"line":24,"column":35},"end":{"line":24,"column":39}}],"line":24}},"s":{"0":1,"1":1,"2":1,"3":1,"4":1,"5":1,"6":1,"7":1,"8":1,"9":1,"10":1,"11":1,"12":1,"13":1,"14":1,"15":1,"16":1,"17":1,"18":1,"19":1,"20":1,"21":1},"f":{"0":1,"1":1},"b":{"0":[1,1]},"_coverageSchema":"1a1c01bbd47fc00a2c39e90264f33305004495a9","hash":"62df81292e497dc398d34a1a1b07ec91e62ce1b5"}
,"/Users/prathameshsai/Documents/sweng/GitHub-Access/visualization/server/services.js": {"path":"/Users/prathameshsai/Documents/sweng/GitHub-Access/visualization/server/services.js","statementMap":{"0":{"start":{"line":2,"column":14},"end":{"line":2,"column":29}},"1":{"start":{"line":3,"column":18},"end":{"line":3,"column":47}},"2":{"start":{"line":4,"column":28},"end":{"line":4,"column":46}},"3":{"start":{"line":5,"column":19},"end":{"line":5,"column":36}},"4":{"start":{"line":6,"column":4},"end":{"line":6,"column":39}},"5":{"start":{"line":7,"column":16},"end":{"line":7,"column":172}},"6":{"start":{"line":8,"column":19},"end":{"line":8,"column":39}},"7":{"start":{"line":9,"column":16},"end":{"line":9,"column":17}},"8":{"start":{"line":10,"column":17},"end":{"line":10,"column":18}},"9":{"start":{"line":11,"column":12},"end":{"line":11,"column":13}},"10":{"start":{"line":13,"column":4},"end":{"line":20,"column":5}},"11":{"start":{"line":14,"column":8},"end":{"line":14,"column":14}},"12":{"start":{"line":15,"column":20},"end":{"line":15,"column":53}},"13":{"start":{"line":16,"column":8},"end":{"line":16,"column":58}},"14":{"start":{"line":17,"column":8},"end":{"line":17,"column":67}},"15":{"start":{"line":18,"column":8},"end":{"line":18,"column":103}},"16":{"start":{"line":19,"column":8},"end":{"line":19,"column":21}},"17":{"start":{"line":22,"column":4},"end":{"line":30,"column":5}},"18":{"start":{"line":23,"column":8},"end":{"line":23,"column":15}},"19":{"start":{"line":24,"column":20},"end":{"line":24,"column":54}},"20":{"start":{"line":25,"column":8},"end":{"line":25,"column":12}},"21":{"start":{"line":26,"column":8},"end":{"line":26,"column":58}},"22":{"start":{"line":27,"column":8},"end":{"line":27,"column":67}},"23":{"start":{"line":28,"column":8},"end":{"line":28,"column":103}},"24":{"start":{"line":29,"column":8},"end":{"line":29,"column":21}},"25":{"start":{"line":33,"column":6},"end":{"line":42,"column":7}},"26":{"start":{"line":34,"column":8},"end":{"line":34,"column":31}},"27":{"start":{"line":35,"column":25},"end":{"line":35,"column":61}},"28":{"start":{"line":36,"column":23},"end":{"line":36,"column":79}},"29":{"start":{"line":37,"column":22},"end":{"line":37,"column":35}},"30":{"start":{"line":38,"column":24},"end":{"line":38,"column":45}},"31":{"start":{"line":39,"column":8},"end":{"line":39,"column":24}},"32":{"start":{"line":41,"column":8},"end":{"line":41,"column":23}},"33":{"start":{"line":44,"column":4},"end":{"line":44,"column":29}},"34":{"start":{"line":48,"column":8},"end":{"line":57,"column":9}},"35":{"start":{"line":49,"column":10},"end":{"line":49,"column":33}},"36":{"start":{"line":50,"column":27},"end":{"line":50,"column":63}},"37":{"start":{"line":51,"column":25},"end":{"line":51,"column":73}},"38":{"start":{"line":52,"column":24},"end":{"line":52,"column":37}},"39":{"start":{"line":53,"column":26},"end":{"line":53,"column":47}},"40":{"start":{"line":54,"column":10},"end":{"line":54,"column":27}},"41":{"start":{"line":56,"column":10},"end":{"line":56,"column":25}},"42":{"start":{"line":59,"column":0},"end":{"line":59,"column":26}}},"fnMap":{"0":{"name":"(anonymous_0)","decl":{"start":{"line":13,"column":26},"end":{"line":13,"column":27}},"loc":{"start":{"line":13,"column":40},"end":{"line":20,"column":5}},"line":13},"1":{"name":"(anonymous_1)","decl":{"start":{"line":22,"column":27},"end":{"line":22,"column":28}},"loc":{"start":{"line":22,"column":41},"end":{"line":30,"column":5}},"line":22},"2":{"name":"run","decl":{"start":{"line":32,"column":19},"end":{"line":32,"column":22}},"loc":{"start":{"line":32,"column":25},"end":{"line":43,"column":5}},"line":32},"3":{"name":"run2","decl":{"start":{"line":47,"column":19},"end":{"line":47,"column":23}},"loc":{"start":{"line":47,"column":26},"end":{"line":58,"column":7}},"line":47}},"branchMap":{},"s":{"0":1,"1":1,"2":1,"3":1,"4":1,"5":1,"6":1,"7":1,"8":1,"9":1,"10":1,"11":0,"12":0,"13":0,"14":0,"15":0,"16":0,"17":1,"18":0,"19":0,"20":0,"21":0,"22":0,"23":0,"24":0,"25":1,"26":1,"27":0,"28":0,"29":0,"30":0,"31":0,"32":0,"33":1,"34":1,"35":1,"36":0,"37":0,"38":0,"39":0,"40":0,"41":0,"42":1},"f":{"0":0,"1":0,"2":1,"3":1},"b":{},"_coverageSchema":"1a1c01bbd47fc00a2c39e90264f33305004495a9","hash":"ee416e3d1981bca029db827c10dfa00fc92f3eac"}
}
